Initial check results: 
SUCCESS: Submission contains both RJwrapper.tex and RJwrapper.pdf
SUCCESS: Submission has consistently named tex, bib, and R files
SUCCESS: No problematic file found
NOTE: Motivation letter is not detected, if applicable
ERROR: The title is not in title case!
SUCCESS: All sections are properly formatted in sentence case
SUCCESS: Abstract comes before the introduction section
NOTE: A potential list of spelling to check: biomarker, cytotoxic, chemotherapies, pre, immunotherapies, subtypes, pharmacokinetics, pharmacodynamics, pembrolizumab, atezolizumab, urothelial, subtype, parallelize, inefficacious
[1] "Ppseq: An R Package for Sequential Predictive Probability Monitoring"
SUCCESS: All CRAN & Bioconductor packages mentioned are available
NOTE: 1 package(s) used in the text without CRANpkg or BIOpkg commands: ppseq
SUCCESS: All CRAN & Bioconductor packages mentioned are available
NOTE: 1 package(s) used in the text without CRANpkg or BIOpkg commands: ppseq
SUCCESS: All CRAN & Bioconductor packages mentioned are available
package ‘ppseq’ successfully unpacked and MD5 sums checked

The downloaded binary packages are in
	C:\Users\zabore2\AppData\Local\Temp\RtmpKsTYXl\downloaded_packages
# A tibble: 14 x 8
   pp_threshold ppp_threshold mean_n1_null prop_pos_null prop_stopped_null mean_n1_alt
          <dbl>         <dbl>        <dbl>         <dbl>             <dbl>       <dbl>
 1         0.82          0.1          42.9         0.096             0.852        83.2
 2         0.82          0.15         39.1         0.081             0.904        81.6
 3         0.82          0.2          35.3         0.076             0.912        79.4
 4         0.86          0.1          42.8         0.096             0.853        83.1
 5         0.86          0.15         39.1         0.081             0.904        81.5
 6         0.86          0.2          35.0         0.073             0.915        79.5
 7         0.9           0.05         51.1         0.072             0.879        90.2
 8         0.9           0.1          38.6         0.061             0.906        81.5
 9         0.9           0.15         35.0         0.057             0.931        79.7
10         0.92          0.05         50.8         0.071             0.88         90.1
11         0.92          0.1          38.6         0.061             0.906        81.6
12         0.92          0.15         35.1         0.058             0.93         79.8
13         0.93          0.05         50.1         0.05              0.881        89.9
14         0.95          0.05         46.2         0.05              0.92         88.8
# ... with 2 more variables: prop_pos_alt <dbl>, prop_stopped_alt <dbl>
$`Optimal accuracy design:`
# A tibble: 1 x 6
  pp_threshold ppp_threshold `Type I error` Power `Average N under the null`
         <dbl>         <dbl>          <dbl> <dbl>                      <dbl>
1          0.9          0.05          0.072 0.882                       51.1
  `Average N under the alternative`
                              <dbl>
1                              90.2

$`Optimal efficiency design:`
# A tibble: 1 x 6
  pp_threshold ppp_threshold `Type I error` Power `Average N under the null`
         <dbl>         <dbl>          <dbl> <dbl>                      <dbl>
1         0.92           0.1          0.061 0.796                       38.6
  `Average N under the alternative`
                              <dbl>
1                              81.6

[[1]]

[[2]]

# A tibble: 76 x 8
   pp_threshold ppp_threshold mean_n1_null prop_pos_null prop_stopped_null mean_n1_alt
          <dbl>         <dbl>        <dbl>         <dbl>             <dbl>       <dbl>
 1         0             0.05         95           1                 0            95  
 2         0             0.1          95           1                 0            95  
 3         0             0.15         95.0         0.999             0.001        95  
 4         0             0.2          94.9         0.997             0.003        95  
 5         0.7           0.05         65.1         0.286             0.59         92.1
 6         0.7           0.1          57.2         0.252             0.702        90.9
 7         0.7           0.15         48.6         0.21              0.756        84.4
 8         0.7           0.2          42.9         0.184             0.793        82.3
 9         0.74          0.05         62.0         0.187             0.686        91.9
10         0.74          0.1          48.1         0.149             0.772        84.4
   prop_pos_alt prop_stopped_alt
          <dbl>            <dbl>
 1        1                0    
 2        1                0    
 3        1                0    
 4        1                0    
 5        0.957            0.042
 6        0.94             0.06 
 7        0.865            0.135
 8        0.835            0.165
 9        0.942            0.047
10        0.854            0.137
# ... with 66 more rows
[1] "calibrate_thresholds" "list"                
[1] 1
